Using pre-set license
Built from '2020.3/staging' branch; Version is '2020.3.13f1 (71691879b7f5) revision 7432472'; Using compiler version '192528614'; Build Type 'Release'
OS: 'Windows 10 Home; OS build 19043.1165; Version 2009; 64bit' Language: 'en' Physical Memory: 16290 MB
BatchMode: 1, IsHumanControllingUs: 0, StartBugReporterOnCrash: 0, Is64bit: 1, IsPro: 0

 COMMAND LINE ARGUMENTS:
C:\Program Files\Unity\Hub\Editor\2020.3.13f1\Editor\Unity.exe
-adb2
-batchMode
-noUpm
-name
AssetImportWorker0
-projectPath
E:/UnityProjects/FPS
-logFile
Logs/AssetImportWorker0.log
-srvPort
63644
Successfully changed project path to: E:/UnityProjects/FPS
E:/UnityProjects/FPS
Using Asset Import Pipeline V2.
Refreshing native plugins compatible for Editor in 39.57 ms, found 2 plugins.
Preloading 0 native plugins for Editor in 0.00 ms.
Initialize engine version: 2020.3.13f1 (71691879b7f5)
[Subsystems] Discovering subsystems at path C:/Program Files/Unity/Hub/Editor/2020.3.13f1/Editor/Data/Resources/UnitySubsystems
[Subsystems] Discovering subsystems at path E:/UnityProjects/FPS/Assets
GfxDevice: creating device client; threaded=0
Direct3D:
    Version:  Direct3D 11.0 [level 11.1]
    Renderer: NVIDIA GeForce RTX 2070 SUPER (ID=0x1e84)
    Vendor:   
    VRAM:     8011 MB
    Driver:   30.0.14.7111
Initialize mono
Mono path[0] = 'C:/Program Files/Unity/Hub/Editor/2020.3.13f1/Editor/Data/Managed'
Mono path[1] = 'C:/Program Files/Unity/Hub/Editor/2020.3.13f1/Editor/Data/MonoBleedingEdge/lib/mono/unityjit'
Mono config path = 'C:/Program Files/Unity/Hub/Editor/2020.3.13f1/Editor/Data/MonoBleedingEdge/etc'
Using monoOptions --debugger-agent=transport=dt_socket,embedding=1,server=y,suspend=n,address=127.0.0.1:56632
Begin MonoManager ReloadAssembly
Registering precompiled unity dll's ...
Register platform support module: C:/Program Files/Unity/Hub/Editor/2020.3.13f1/Editor/Data/PlaybackEngines/WebGLSupport/UnityEditor.WebGL.Extensions.dll
Register platform support module: C:/Program Files/Unity/Hub/Editor/2020.3.13f1/Editor/Data/PlaybackEngines/WindowsStandaloneSupport/UnityEditor.WindowsStandalone.Extensions.dll
Registered in 0.001938 seconds.
Native extension for WindowsStandalone target not found
Native extension for WebGL target not found
Refreshing native plugins compatible for Editor in 41.01 ms, found 2 plugins.
Preloading 0 native plugins for Editor in 0.00 ms.
Mono: successfully reloaded assembly
- Completed reload, in  0.943 seconds
Platform modules already initialized, skipping
Registering precompiled user dll's ...
Registered in 0.002508 seconds.
Begin MonoManager ReloadAssembly
Native extension for WindowsStandalone target not found
Native extension for WebGL target not found
Refreshing native plugins compatible for Editor in 0.46 ms, found 2 plugins.
Preloading 0 native plugins for Editor in 0.00 ms.
Mono: successfully reloaded assembly
- Completed reload, in  0.808 seconds
Platform modules already initialized, skipping
========================================================================
Worker process is ready to serve import requests
Launched and connected shader compiler UnityShaderCompiler.exe after 0.03 seconds
Refreshing native plugins compatible for Editor in 0.44 ms, found 2 plugins.
Preloading 0 native plugins for Editor in 0.00 ms.
Unloading 2034 Unused Serialized files (Serialized files now loaded: 0)
System memory in use before: 162.6 MB.
System memory in use after: 160.1 MB.

Unloading 52 unused Assets to reduce memory usage. Loaded Objects now: 2440.
Total: 2.852400 ms (FindLiveObjects: 0.168200 ms CreateObjectMapping: 0.043200 ms MarkObjects: 1.449400 ms  DeleteObjects: 1.190700 ms)

AssetImportParameters requested are different than current active one (requested -> active):
  custom:framework-win-MediaFoundation: 216162199b28c13a410421893ffa2e32 -> 
  custom:video-decoder-ogg-theora: a1e56fd34408186e4bbccfd4996cb3dc -> 
  custom:container-muxer-webm: aa71ff27fc2769a1b78a27578f13a17b -> 
  custom:container-demuxer-webm: 4f35f7cbe854078d1ac9338744f61a02 -> 
  custom:container-demuxer-ogg: 62fdf1f143b41e24485cea50d1cbac27 -> 
  custom:video-encoder-webm-vp8: eb34c28f22e8b96e1ab97ce403110664 -> 
  custom:video-decoder-webm-vp8: 9c59270c3fd7afecdb556c50c9e8de78 -> 
  custom:audio-decoder-ogg-vorbis: bf7c407c2cedff20999df2af8eb42d56 -> 
  custom:audio-encoder-webm-vorbis: bf7c407c2cedff20999df2af8eb42d56 -> 
========================================================================
Received Import Request.
  path: Assets/AddOns/MgFPS_SniperRifle/SniperRifle_MeshesAndTextures/Crosshair_SniperRifle_01.png
  artifactKey: Guid(70f431287873d974e8c7898efef61a1c) Importer(815301076,1909f56bfc062723c751e8b465ee728b)
Start importing Assets/AddOns/MgFPS_SniperRifle/SniperRifle_MeshesAndTextures/Crosshair_SniperRifle_01.png using Guid(70f431287873d974e8c7898efef61a1c) Importer(815301076,1909f56bfc062723c751e8b465ee728b)  -> (artifact id: 'acc316df24f564129f140c8932f38f8f') in 0.094724 seconds 
  Import took 0.103556 seconds .

========================================================================
Received Import Request.
  Time since last request: 0.000135 seconds.
  path: Assets/AddOns/MgFPS_SniperRifle/SniperRifle_MeshesAndTextures/HUD_SniperRifle.png
  artifactKey: Guid(48a6602ef3eb479479b7e40c5e28a7f3) Importer(815301076,1909f56bfc062723c751e8b465ee728b)
Start importing Assets/AddOns/MgFPS_SniperRifle/SniperRifle_MeshesAndTextures/HUD_SniperRifle.png using Guid(48a6602ef3eb479479b7e40c5e28a7f3) Importer(815301076,1909f56bfc062723c751e8b465ee728b)  -> (artifact id: '16177d671e82460d85765c35c2043635') in 0.008727 seconds 
  Import took 0.037083 seconds .

========================================================================
Received Import Request.
  Time since last request: 0.000139 seconds.
  path: Assets/AddOns/MgFPS_SniperRifle/SniperRifle_MeshesAndTextures/Weapon_SniperRifle.fbx
  artifactKey: Guid(cf7496720f7088d40832fc23b91d7fd3) Importer(815301076,1909f56bfc062723c751e8b465ee728b)
Start importing Assets/AddOns/MgFPS_SniperRifle/SniperRifle_MeshesAndTextures/Weapon_SniperRifle.fbx using Guid(cf7496720f7088d40832fc23b91d7fd3) Importer(815301076,1909f56bfc062723c751e8b465ee728b)  -> (artifact id: '5a1f5af6233b24916faf83c79fb39228') in 0.169103 seconds 
  Import took 0.171650 seconds .

========================================================================
Received Import Request.
  Time since last request: 0.000175 seconds.
  path: Assets/AddOns/MgFPS_SniperRifle/Weapon_SniperRifle.prefab
  artifactKey: Guid(a3d20718f5f4f9147b1a38a1d1821ad2) Importer(815301076,1909f56bfc062723c751e8b465ee728b)
Start importing Assets/AddOns/MgFPS_SniperRifle/Weapon_SniperRifle.prefab using Guid(a3d20718f5f4f9147b1a38a1d1821ad2) Importer(815301076,1909f56bfc062723c751e8b465ee728b)  -> (artifact id: '24a2987775d7f4e44e5c6ba3591fec3d') in 0.021712 seconds 
  Import took 0.025222 seconds .

========================================================================
Received Import Request.
  Time since last request: 0.000131 seconds.
  path: Assets/AddOns/MgFPS_SniperRifle/SniperRifle_MeshesAndTextures/Crosshair_SniperRifle_02.png
  artifactKey: Guid(7ed7349a85eb4404fbbe8ec2e8a11c2d) Importer(815301076,1909f56bfc062723c751e8b465ee728b)
Start importing Assets/AddOns/MgFPS_SniperRifle/SniperRifle_MeshesAndTextures/Crosshair_SniperRifle_02.png using Guid(7ed7349a85eb4404fbbe8ec2e8a11c2d) Importer(815301076,1909f56bfc062723c751e8b465ee728b)  -> (artifact id: '08e461d7d085312b139bbaea263f9b69') in 0.008667 seconds 
  Import took 0.021488 seconds .

========================================================================
Received Import Request.
  Time since last request: 0.000140 seconds.
  path: Assets/AddOns/MgFPS_SniperRifle/SniperRifle_MeshesAndTextures/Weapon_SniperRifle.mat
  artifactKey: Guid(7a269aee6bef59b4ab0070cde15639bf) Importer(815301076,1909f56bfc062723c751e8b465ee728b)
Start importing Assets/AddOns/MgFPS_SniperRifle/SniperRifle_MeshesAndTextures/Weapon_SniperRifle.mat using Guid(7a269aee6bef59b4ab0070cde15639bf) Importer(815301076,1909f56bfc062723c751e8b465ee728b)  -> (artifact id: '107cfd693a9ee47887fc2ec7354407b8') in 0.025283 seconds 
  Import took 0.028010 seconds .

========================================================================
Received Import Request.
  Time since last request: 0.000150 seconds.
  path: Assets/AddOns/MgFPS_SniperRifle/Projectile_SniperRifle.prefab
  artifactKey: Guid(6bcd9b6efe0196243acd73cafc63f5ef) Importer(815301076,1909f56bfc062723c751e8b465ee728b)
Start importing Assets/AddOns/MgFPS_SniperRifle/Projectile_SniperRifle.prefab using Guid(6bcd9b6efe0196243acd73cafc63f5ef) Importer(815301076,1909f56bfc062723c751e8b465ee728b)  -> (artifact id: '468f359221e57a7dcf117225f9a9bc58') in 0.021117 seconds 
  Import took 0.024104 seconds .

========================================================================
Received Import Request.
  Time since last request: 0.000153 seconds.
  path: Assets/AddOns/MgFPS_SniperRifle/SniperRifle_MeshesAndTextures/Weapon_SniperRifle_Secondary.mat
  artifactKey: Guid(19bc3452f13edb94591a2534f729a872) Importer(815301076,1909f56bfc062723c751e8b465ee728b)
Start importing Assets/AddOns/MgFPS_SniperRifle/SniperRifle_MeshesAndTextures/Weapon_SniperRifle_Secondary.mat using Guid(19bc3452f13edb94591a2534f729a872) Importer(815301076,1909f56bfc062723c751e8b465ee728b)  -> (artifact id: '5b155d5481e187202d6b8ff19efeb2af') in 0.009855 seconds 
  Import took 0.012662 seconds .

========================================================================
Received Import Request.
  Time since last request: 0.000153 seconds.
  path: Assets/AddOns/MgFPS_SniperRifle/Pickup_SniperRifle.prefab
  artifactKey: Guid(875fff87562175c4c8fd5ad104f1672e) Importer(815301076,1909f56bfc062723c751e8b465ee728b)
Start importing Assets/AddOns/MgFPS_SniperRifle/Pickup_SniperRifle.prefab using Guid(875fff87562175c4c8fd5ad104f1672e) Importer(815301076,1909f56bfc062723c751e8b465ee728b)  -> (artifact id: '56734155657ce376ef45c12b98561856') in 0.014451 seconds 
  Import took 0.022499 seconds .

========================================================================
Received Import Request.
  Time since last request: 0.000129 seconds.
  path: Assets/AddOns/MgFPS_SniperRifle/SniperRifle_MeshesAndTextures/SniperRifle_Albedo.png
  artifactKey: Guid(7215c022ba66461499d798e3ce0f49e5) Importer(815301076,1909f56bfc062723c751e8b465ee728b)
Start importing Assets/AddOns/MgFPS_SniperRifle/SniperRifle_MeshesAndTextures/SniperRifle_Albedo.png using Guid(7215c022ba66461499d798e3ce0f49e5) Importer(815301076,1909f56bfc062723c751e8b465ee728b)  -> (artifact id: '1186af2f215859630dcb13edb8621848') in 0.008373 seconds 
  Import took 0.010861 seconds .

========================================================================
Received Import Request.
  Time since last request: 0.000166 seconds.
  path: Assets/AddOns/MgFPS_SniperRifle/SniperRifle_SFX/SniperRifle_Shot.wav
  artifactKey: Guid(feb80fcfa6047884abce70de5b07fe38) Importer(815301076,1909f56bfc062723c751e8b465ee728b)
Start importing Assets/AddOns/MgFPS_SniperRifle/SniperRifle_SFX/SniperRifle_Shot.wav using Guid(feb80fcfa6047884abce70de5b07fe38) Importer(815301076,1909f56bfc062723c751e8b465ee728b)  -> (artifact id: '5f9688c87183bd0d8d2d59ceb27c0b2e') in 0.020065 seconds 
  Import took 0.022859 seconds .

========================================================================
Received Import Request.
  Time since last request: 0.671795 seconds.
  path: Assets/AddOns/MgFPS_SniperRifle/SniperRifle_MeshesAndTextures
  artifactKey: Guid(88d6e287fbcf9ba41823e2a7efac9035) Importer(815301076,1909f56bfc062723c751e8b465ee728b)
Start importing Assets/AddOns/MgFPS_SniperRifle/SniperRifle_MeshesAndTextures using Guid(88d6e287fbcf9ba41823e2a7efac9035) Importer(815301076,1909f56bfc062723c751e8b465ee728b)  -> (artifact id: 'b6b0fb3bd079ba0bdc251430b363ea8c') in 0.003981 seconds 
  Import took 0.006948 seconds .

========================================================================
Received Import Request.
  Time since last request: 0.004316 seconds.
  path: Assets/AddOns/MgFPS_SniperRifle/SniperRifle_MeshesAndTextures
  artifactKey: Guid(88d6e287fbcf9ba41823e2a7efac9035) Importer(815301076,1909f56bfc062723c751e8b465ee728b)
Start importing Assets/AddOns/MgFPS_SniperRifle/SniperRifle_MeshesAndTextures using Guid(88d6e287fbcf9ba41823e2a7efac9035) Importer(815301076,1909f56bfc062723c751e8b465ee728b)  -> (artifact id: 'b6b0fb3bd079ba0bdc251430b363ea8c') in 0.001234 seconds 
  Import took 0.003553 seconds .

========================================================================
Received Import Request.
  Time since last request: 27.303018 seconds.
  path: Assets/AddOns/MgFPS_SniperRifle/SniperRifle_SFX
  artifactKey: Guid(0208679159ece244a94fdba7c6433ad1) Importer(815301076,1909f56bfc062723c751e8b465ee728b)
Start importing Assets/AddOns/MgFPS_SniperRifle/SniperRifle_SFX using Guid(0208679159ece244a94fdba7c6433ad1) Importer(815301076,1909f56bfc062723c751e8b465ee728b)  -> (artifact id: '1a48953131c1b273783c5d2fab86e759') in 0.004225 seconds 
  Import took 0.013545 seconds .

========================================================================
Received Import Request.
  Time since last request: 23.190081 seconds.
  path: Assets/AddOns/MgFPS_SniperRifle/SniperRifle_ReadMe.txt
  artifactKey: Guid(e6befc8e9afde3e4dabd97483700c2cc) Importer(815301076,1909f56bfc062723c751e8b465ee728b)
Start importing Assets/AddOns/MgFPS_SniperRifle/SniperRifle_ReadMe.txt using Guid(e6befc8e9afde3e4dabd97483700c2cc) Importer(815301076,1909f56bfc062723c751e8b465ee728b)  -> (artifact id: 'd9c9564b285910715efab9f4e40bd56d') in 0.007924 seconds 
  Import took 0.011568 seconds .

========================================================================
Received Import Request.
  Time since last request: 7.591142 seconds.
  path: Assets/AddOns/MgFPS_SniperRifle/RifleEffectsHandler.cs
  artifactKey: Guid(f26e9a75c87e38d4ca860f5a4594caa4) Importer(815301076,1909f56bfc062723c751e8b465ee728b)
Start importing Assets/AddOns/MgFPS_SniperRifle/RifleEffectsHandler.cs using Guid(f26e9a75c87e38d4ca860f5a4594caa4) Importer(815301076,1909f56bfc062723c751e8b465ee728b)  -> (artifact id: 'b62fe2363d73f689334d513539442e57') in 0.005315 seconds 
  Import took 0.008167 seconds .

========================================================================
Received Prepare
Registering precompiled user dll's ...
Registered in 0.002670 seconds.
Begin MonoManager ReloadAssembly
Native extension for WindowsStandalone target not found
Native extension for WebGL target not found
Refreshing native plugins compatible for Editor in 0.53 ms, found 2 plugins.
Preloading 0 native plugins for Editor in 0.00 ms.
Mono: successfully reloaded assembly
- Completed reload, in  0.896 seconds
Platform modules already initialized, skipping
Refreshing native plugins compatible for Editor in 0.47 ms, found 2 plugins.
Preloading 0 native plugins for Editor in 0.00 ms.
Unloading 2026 Unused Serialized files (Serialized files now loaded: 0)
System memory in use before: 179.4 MB.
System memory in use after: 177.0 MB.

Unloading 47 unused Assets to reduce memory usage. Loaded Objects now: 2492.
Total: 3.114200 ms (FindLiveObjects: 0.184400 ms CreateObjectMapping: 0.045100 ms MarkObjects: 1.656100 ms  DeleteObjects: 1.227700 ms)

AssetImportParameters requested are different than current active one (requested -> active):
  custom:framework-win-MediaFoundation: 216162199b28c13a410421893ffa2e32 -> 
  custom:video-decoder-ogg-theora: a1e56fd34408186e4bbccfd4996cb3dc -> 
  custom:container-muxer-webm: aa71ff27fc2769a1b78a27578f13a17b -> 
  custom:container-demuxer-webm: 4f35f7cbe854078d1ac9338744f61a02 -> 
  custom:container-demuxer-ogg: 62fdf1f143b41e24485cea50d1cbac27 -> 
  custom:video-encoder-webm-vp8: eb34c28f22e8b96e1ab97ce403110664 -> 
  custom:video-decoder-webm-vp8: 9c59270c3fd7afecdb556c50c9e8de78 -> 
  custom:audio-decoder-ogg-vorbis: bf7c407c2cedff20999df2af8eb42d56 -> 
  custom:audio-encoder-webm-vorbis: bf7c407c2cedff20999df2af8eb42d56 -> 
